#
# There is insufficient memory for the Java Runtime Environment to continue.
# Native memory allocation (mmap) failed to map 134217728 bytes. Error detail: G1 virtual space
# Possible reasons:
#   The system is out of physical RAM or swap space
#   This process is running with CompressedOops enabled, and the Java Heap may be blocking the growth of the native heap
# Possible solutions:
#   Reduce memory load on the system
#   Increase physical memory or swap space
#   Check if swap backing store is full
#   Decrease Java heap size (-Xmx/-Xms)
#   Decrease number of Java threads
#   Decrease Java thread stack sizes (-Xss)
#   Set larger code cache with -XX:ReservedCodeCacheSize=
#   JVM is running with Unscaled Compressed Oops mode in which the Java heap is
#     placed in the first 4GB address space. The Java Heap base address is the
#     maximum limit for the native heap growth. Please use -XX:HeapBaseMinAddress
#     to set the Java Heap base and to place the Java Heap above 4GB virtual address.
# This output file may be truncated or incomplete.
#
#  Out of Memory Error (os_windows.cpp:3707), pid=1992, tid=20092
#
# JRE version:  (23.0.2+7) (build )
# Java VM: Java HotSpot(TM) 64-Bit Server VM (23.0.2+7-58, mixed mode, sharing, tiered, compressed oops, compressed class ptrs, g1 gc, windows-amd64)
# No core dump will be written. Minidumps are not enabled by default on client versions of Windows
#

---------------  S U M M A R Y ------------

Command Line: -Dfile.encoding=UTF-8 --module-path=C:\Users\Mehak\Documents\NetBeansProjects\AirLineManagementSystem\build\classes airlinemanagementsystem.FlightInfo

Host: Intel(R) Core(TM) i5-7200U CPU @ 2.50GHz, 4 cores, 7G,  Windows 10 , 64 bit Build 19041 (10.0.19041.5198)
Time: Sun Feb  2 00:20:11 2025 Pakistan Standard Time elapsed time: 0.028857 seconds (0d 0h 0m 0s)

---------------  T H R E A D  ---------------

Current thread (0x000001fbb0e32300):  JavaThread "Unknown thread" [_thread_in_vm, id=20092, stack(0x000000eb61500000,0x000000eb61600000) (1024K)]

Stack: [0x000000eb61500000,0x000000eb61600000]
Native frames: (J=compiled Java code, j=interpreted, Vv=VM code, C=native code)
V  [jvm.dll+0x6e0b99]  (no source info available)
V  [jvm.dll+0x87e2b3]  (no source info available)
V  [jvm.dll+0x88073e]  (no source info available)
V  [jvm.dll+0x880e13]  (no source info available)
V  [jvm.dll+0x27b006]  (no source info available)
V  [jvm.dll+0x6dd485]  (no source info available)
V  [jvm.dll+0x6d127a]  (no source info available)
V  [jvm.dll+0x35b50a]  (no source info available)
V  [jvm.dll+0x363916]  (no source info available)
V  [jvm.dll+0x34fe7e]  (no source info available)
V  [jvm.dll+0x350118]  (no source info available)
V  [jvm.dll+0x328aec]  (no source info available)
V  [jvm.dll+0x32978e]  (no source info available)
V  [jvm.dll+0x8449a5]  (no source info available)
V  [jvm.dll+0x3b9a08]  (no source info available)
V  [jvm.dll+0x82d68c]  (no source info available)
V  [jvm.dll+0x454f2e]  (no source info available)
V  [jvm.dll+0x456db1]  (no source info available)
C  [jli.dll+0x52a3]  (no source info available)
C  [ucrtbase.dll+0x21bb2]  (no source info available)
C  [KERNEL32.DLL+0x17374]  (no source info available)
C  [ntdll.dll+0x4cc91]  (no source info available)

Lock stack of current Java thread (top to bottom):


---------------  P R O C E S S  ---------------

Threads class SMR info:
_java_thread_list=0x00007ffc63e94618, length=0, elements={
}

Java Threads: ( => current thread )
Total: 0

Other Threads:
  0x000001fbb3111620 WorkerThread "GC Thread#0"                     [id=2936, stack(0x000000eb61600000,0x000000eb61700000) (1024K)]
  0x000001fbb3126320 ConcurrentGCThread "G1 Main Marker"            [id=6060, stack(0x000000eb61700000,0x000000eb61800000) (1024K)]
  0x000001fbb312b110 WorkerThread "G1 Conc#0"                       [id=18508, stack(0x000000eb61800000,0x000000eb61900000) (1024K)]

[error occurred during error reporting (printing all threads), id 0xc0000005, EXCEPTION_ACCESS_VIOLATION (0xc0000005) at pc=0x00007ffc635dc0da]
VM state: not at safepoint (not fully initialized)

VM Mutex/Monitor currently owned by a thread:  ([mutex/lock_event])
[0x00007ffc63f14988] Heap_lock - owner thread: 0x000001fbb0e32300

Heap address: 0x0000000081a00000, size: 2022 MB, Compressed Oops mode: 32-bit

CDS archive(s) mapped at: [0x0000000000000000-0x0000000000000000-0x0000000000000000), size 0, SharedBaseAddress: 0x0000000800000000, ArchiveRelocationMode: 1.
Narrow klass base: 0x0000000000000000, Narrow klass shift: 0, Narrow klass range: 0x0

GC Precious Log:
 CardTable entry size: 512
 Card Set container configuration: InlinePtr #cards 5 size 8 Array Of Cards #cards 10 size 36 Howl #buckets 4 coarsen threshold 1843 Howl Bitmap #cards 512 size 80 coarsen threshold 460 Card regions per heap region 1 cards per card region 2048

Heap:
 garbage-first heap   total reserved 2070528K, committed 0K, used 0K [0x0000000081a00000, 0x0000000100000000)
  region size 1024K, 0 young (0K), 0 survivors (0K)

[error occurred during error reporting (printing heap information), id 0xc0000005, EXCEPTION_ACCESS_VIOLATION (0xc0000005) at pc=0x00007ffc639dc6a9]
GC Heap History (0 events):
No events

Dll operation events (1 events):
Event: 0.019 Loaded shared library C:\Program Files\Java\jdk-23\bin\java.dll

Deoptimization events (0 events):
No events

Classes loaded (0 events):
No events

Classes unloaded (0 events):
No events

Classes redefined (0 events):
No events

Internal exceptions (0 events):
No events

VM Operations (0 events):
No events

Memory protections (0 events):
No events

Nmethod flushes (0 events):
No events

Events (0 events):
No events


Dynamic libraries:
0x00007ff6c6840000 - 0x00007ff6c6850000 	C:\Program Files\Java\jdk-23\bin\java.exe
0x00007ffced690000 - 0x00007ffced888000 	C:\Windows\SYSTEM32\ntdll.dll
0x00007ffcebdc0000 - 0x00007ffcebe82000 	C:\Windows\System32\KERNEL32.DLL
0x00007ffceb3a0000 - 0x00007ffceb69f000 	C:\Windows\System32\KERNELBASE.dll
0x00007ffceb020000 - 0x00007ffceb120000 	C:\Windows\System32\ucrtbase.dll
0x00007ffce4e90000 - 0x00007ffce4eab000 	C:\Program Files\Java\jdk-23\bin\VCRUNTIME140.dll
0x00007ffcdfd00000 - 0x00007ffcdfd17000 	C:\Program Files\Java\jdk-23\bin\jli.dll
0x00007ffcec050000 - 0x00007ffcec1ed000 	C:\Windows\System32\USER32.dll
0x00007ffceaff0000 - 0x00007ffceb012000 	C:\Windows\System32\win32u.dll
0x00007ffcec4d0000 - 0x00007ffcec4fb000 	C:\Windows\System32\GDI32.dll
0x00007ffceae50000 - 0x00007ffceaf67000 	C:\Windows\System32\gdi32full.dll
0x00007ffceadb0000 - 0x00007ffceae4d000 	C:\Windows\System32\msvcp_win.dll
0x00007ffcd0430000 - 0x00007ffcd06ca000 	C:\Windows\WinSxS\amd64_microsoft.windows.common-controls_6595b64144ccf1df_6.0.19041.4355_none_60b8b9eb71f62e16\COMCTL32.dll
0x00007ffcec3f0000 - 0x00007ffcec48e000 	C:\Windows\System32\msvcrt.dll
0x00007ffcec4a0000 - 0x00007ffcec4cf000 	C:\Windows\System32\IMM32.DLL
0x0000000066f20000 - 0x0000000066f2c000 	C:\Program Files (x86)\360\Total Security\safemon\SafeWrapper.dll
0x00007ffced2f0000 - 0x00007ffced3a1000 	C:\Windows\System32\ADVAPI32.dll
0x00007ffcec270000 - 0x00007ffcec30f000 	C:\Windows\System32\sechost.dll
0x00007ffcecd40000 - 0x00007ffcece63000 	C:\Windows\System32\RPCRT4.dll
0x00007ffceafc0000 - 0x00007ffceafe7000 	C:\Windows\System32\bcrypt.dll
0x00007ffc77df0000 - 0x00007ffc77e9c000 	C:\Program Files (x86)\360\Total Security\safemon\libzdtp64.dll
0x00007ffcec5d0000 - 0x00007ffcecd3e000 	C:\Windows\System32\SHELL32.dll
0x00007ffcebf20000 - 0x00007ffcebf75000 	C:\Windows\System32\SHLWAPI.dll
0x00007ffcea7b0000 - 0x00007ffcea7ba000 	C:\Windows\SYSTEM32\VERSION.dll
0x00007ffce7700000 - 0x00007ffce770c000 	C:\Program Files\Java\jdk-23\bin\vcruntime140_1.dll
0x00007ffccf730000 - 0x00007ffccf7be000 	C:\Program Files\Java\jdk-23\bin\msvcp140.dll
0x00007ffc632a0000 - 0x00007ffc63ff0000 	C:\Program Files\Java\jdk-23\bin\server\jvm.dll
0x00007ffcebfe0000 - 0x00007ffcec04b000 	C:\Windows\System32\WS2_32.dll
0x00007ffceab80000 - 0x00007ffceabcb000 	C:\Windows\SYSTEM32\POWRPROF.dll
0x00007ffccfe60000 - 0x00007ffccfe87000 	C:\Windows\SYSTEM32\WINMM.dll
0x00007ffceab60000 - 0x00007ffceab72000 	C:\Windows\SYSTEM32\UMPDC.dll
0x00007ffce94d0000 - 0x00007ffce94e2000 	C:\Windows\SYSTEM32\kernel.appcore.dll
0x00007ffcdfc30000 - 0x00007ffcdfc3a000 	C:\Program Files\Java\jdk-23\bin\jimage.dll
0x00007ffce9160000 - 0x00007ffce9344000 	C:\Windows\SYSTEM32\DBGHELP.DLL
0x00007ffcd5cb0000 - 0x00007ffcd5ce4000 	C:\Windows\SYSTEM32\dbgcore.DLL
0x00007ffcead20000 - 0x00007ffceada2000 	C:\Windows\System32\bcryptPrimitives.dll
0x00007ffcdfb70000 - 0x00007ffcdfb8e000 	C:\Program Files\Java\jdk-23\bin\java.dll
0x00007ffcebb20000 - 0x00007ffcebc4b000 	C:\Windows\System32\ole32.dll
0x00007ffcece70000 - 0x00007ffced1c5000 	C:\Windows\System32\combase.dll

dbghelp: loaded successfully - version: 4.0.5 - missing functions: none
symbol engine: initialized successfully - sym options: 0x614 - pdb path: .;C:\Program Files\Java\jdk-23\bin;C:\Windows\SYSTEM32;C:\Windows\WinSxS\amd64_microsoft.windows.common-controls_6595b64144ccf1df_6.0.19041.4355_none_60b8b9eb71f62e16;C:\Program Files (x86)\360\Total Security\safemon;C:\Program Files\Java\jdk-23\bin\server

VM Arguments:
jvm_args: -Dfile.encoding=UTF-8 --module-path=C:\Users\Mehak\Documents\NetBeansProjects\AirLineManagementSystem\build\classes 
java_command: airlinemanagementsystem.FlightInfo
java_class_path (initial): C:\Users\Mehak\Desktop\mysql-connector-j-9.2.0;C:\Users\Mehak\Downloads\rs2xml.jar;C:\Users\Mehak\Downloads\jcalendar-tz-1.3.3-4.jar;C:\Users\Mehak\Downloads\mysql-connector-java-8.0.28 (1).jar;C:\Users\Mehak\Documents\NetBeansProjects\AirLineManagementSystem\build\classes
Launcher Type: SUN_STANDARD

[Global flags]
     intx CICompilerCount                          = 3                                         {product} {ergonomic}
     uint ConcGCThreads                            = 1                                         {product} {ergonomic}
     uint G1ConcRefinementThreads                  = 4                                         {product} {ergonomic}
   size_t G1HeapRegionSize                         = 1048576                                   {product} {ergonomic}
   size_t InitialHeapSize                          = 134217728                                 {product} {ergonomic}
   size_t MarkStackSize                            = 4194304                                   {product} {ergonomic}
   size_t MarkStackSizeMax                         = 536870912                                 {product} {ergonomic}
   size_t MaxHeapSize                              = 2120220672                                {product} {ergonomic}
   size_t MinHeapDeltaBytes                        = 1048576                                   {product} {ergonomic}
   size_t MinHeapSize                              = 8388608                                   {product} {ergonomic}
    uintx NonNMethodCodeHeapSize                   = 5832704                                {pd product} {ergonomic}
    uintx NonProfiledCodeHeapSize                  = 122945536                              {pd product} {ergonomic}
    uintx ProfiledCodeHeapSize                     = 122880000                              {pd product} {ergonomic}
    uintx ReservedCodeCacheSize                    = 251658240                              {pd product} {ergonomic}
     bool SegmentedCodeCache                       = true                                      {product} {ergonomic}
   size_t SoftMaxHeapSize                          = 2120220672                             {manageable} {ergonomic}
     bool UseCompressedOops                        = true                           {product lp64_product} {ergonomic}
     bool UseG1GC                                  = true                                      {product} {ergonomic}
     bool UseLargePagesIndividualAllocation        = false                                  {pd product} {ergonomic}

Logging:
Log output configuration:
 #0: stdout all=warning uptime,level,tags foldmultilines=false
 #1: stderr all=off uptime,level,tags foldmultilines=false

Environment Variables:
PATH=C:\Program Files\Common Files\Oracle\Java\javapath;C:\Windows\system32;C:\Windows;C:\Windows\System32\Wbem;C:\Windows\System32\WindowsPowerShell\v1.0\;C:\Windows\System32\OpenSSH\;C:\Program Files\Java\jdk-23;C:\Users\Mehak\AppData\Local\Programs\Python\Python37-32\Scripts\;C:\Users\Mehak\AppData\Local\Programs\Python\Python37-32\;C:\Users\Mehak\AppData\Local\Microsoft\WindowsApps;C:\Users\Mehak\AppData\Local\Programs\Microsoft VS Code\bin
USERNAME=Mehak
OS=Windows_NT
PROCESSOR_IDENTIFIER=Intel64 Family 6 Model 142 Stepping 9, GenuineIntel
TMP=C:\Users\Mehak\AppData\Local\Temp
TEMP=C:\Users\Mehak\AppData\Local\Temp




Periodic native trim disabled

---------------  S Y S T E M  ---------------

OS:
 Windows 10 , 64 bit Build 19041 (10.0.19041.5198)
OS uptime: 1 days 15:14 hours

CPU: total 4 (initial active 4) (2 cores per cpu, 2 threads per core) family 6 model 142 stepping 9 microcode 0xf0, cx8, cmov, fxsr, ht, mmx, 3dnowpref, sse, sse2, sse3, ssse3, sse4.1, sse4.2, popcnt, lzcnt, tsc, tscinvbit, avx, avx2, aes, erms, clmul, bmi1, bmi2, adx, fma, vzeroupper, clflush, clflushopt, rdtscp, f16c
Processor Information for the first 4 processors :
  Max Mhz: 2712, Current Mhz: 2511, Mhz Limit: 2495

Memory: 4k page, system-wide physical 8083M (267M free)
TotalPageFile size 20920M (AvailPageFile size 89M)
current process WorkingSet (physical memory assigned to process): 12M, peak: 12M
current process commit charge ("private bytes"): 52M, peak: 180M

vm_info: Java HotSpot(TM) 64-Bit Server VM (23.0.2+7-58) for windows-amd64 JRE (23.0.2+7-58), built on 2024-11-29T09:34:55Z with MS VC++ 17.6 (VS2022)

END.
